[debug] [2019-07-04T19:35:11.000Z] ----------------------------------------------------------------------
[debug] [2019-07-04T19:35:11.002Z] Command:       /Users/jinsenwu/.nvm/versions/node/v12.4.0/bin/node /usr/local/bin/firebase deploy
[debug] [2019-07-04T19:35:11.002Z] CLI Version:   6.11.0
[debug] [2019-07-04T19:35:11.002Z] Platform:      darwin
[debug] [2019-07-04T19:35:11.002Z] Node Version:  v12.4.0
[debug] [2019-07-04T19:35:11.003Z] Time:          Thu Jul 04 2019 15:35:11 GMT-0400 (Eastern Daylight Time)
[debug] [2019-07-04T19:35:11.003Z] ----------------------------------------------------------------------
[debug] 
[debug] [2019-07-04T19:35:11.010Z] > command requires scopes: ["email","openid","https://www.googleapis.com/auth/cloudplatformprojects.readonly","https://www.googleapis.com/auth/firebase","https://www.googleapis.com/auth/cloud-platform"]
[debug] [2019-07-04T19:35:11.011Z] > authorizing via signed-in user
[debug] [2019-07-04T19:35:11.011Z] [iam] checking project wylldo-b5c47 for permissions ["cloudfunctions.functions.create","cloudfunctions.functions.delete","cloudfunctions.functions.get","cloudfunctions.functions.list","cloudfunctions.functions.update","cloudfunctions.operations.get","firebase.projects.get"]
[debug] [2019-07-04T19:35:11.012Z] > refreshing access token with scopes: ["email","https://www.googleapis.com/auth/cloud-platform","https://www.googleapis.com/auth/cloudplatformprojects.readonly","https://www.googleapis.com/auth/firebase","openid"]
[debug] [2019-07-04T19:35:11.012Z] >>> HTTP REQUEST POST https://www.googleapis.com/oauth2/v3/token  
 <request body omitted>
[debug] [2019-07-04T19:35:11.161Z] <<< HTTP RESPONSE 200
[debug] [2019-07-04T19:35:11.171Z] >>> HTTP REQUEST POST https://cloudresourcemanager.googleapis.com/v1/projects/wylldo-b5c47:testIamPermissions  

[debug] [2019-07-04T19:35:11.298Z] <<< HTTP RESPONSE 200
[warn] ⚠  functions: package.json indicates an outdated version of firebase-functions.
 Please upgrade using npm install --save firebase-functions@latest in your functions directory.
[info] 
[info] === Deploying to 'wylldo-b5c47'...
[info] 
[info] i  deploying functions
[debug] [2019-07-04T19:35:12.614Z] > [functions] package.json contents: {
  "name": "functions",
  "description": "Cloud Functions for Firebase",
  "scripts": {
    "serve": "firebase serve --only functions",
    "shell": "firebase functions:shell",
    "start": "npm run shell",
    "deploy": "firebase deploy --only functions",
    "logs": "firebase functions:log"
  },
  "engines": {
    "node": "8"
  },
  "dependencies": {
    "firebase-admin": "~7.0.0",
    "firebase-functions": "^2.3.0",
    "nodemailer": "~6.2.1",
    "cors": "^2.8.5"
  },
  "devDependencies": {
    "firebase-functions-test": "^0.1.6"
  },
  "private": true
}
[info] i  functions: ensuring necessary APIs are enabled...
[debug] [2019-07-04T19:35:12.615Z] >>> HTTP REQUEST GET https://servicemanagement.googleapis.com/v1/services/cloudfunctions.googleapis.com/projectSettings/wylldo-b5c47?view=CONSUMER_VIEW  
 
[debug] [2019-07-04T19:35:12.615Z] >>> HTTP REQUEST GET https://servicemanagement.googleapis.com/v1/services/runtimeconfig.googleapis.com/projectSettings/wylldo-b5c47?view=CONSUMER_VIEW  
 
[debug] [2019-07-04T19:35:13.502Z] <<< HTTP RESPONSE 200
[debug] [2019-07-04T19:35:13.562Z] <<< HTTP RESPONSE 200
[info] ✔  functions: all necessary APIs are enabled
[debug] [2019-07-04T19:35:13.563Z] >>> HTTP REQUEST GET https://cloudresourcemanager.googleapis.com/v1/projects/wylldo-b5c47  
 
[debug] [2019-07-04T19:35:13.685Z] <<< HTTP RESPONSE 200
[debug] [2019-07-04T19:35:13.685Z] >>> HTTP REQUEST GET https://mobilesdk-pa.googleapis.com/v1/projects/165584595264:getServerAppConfig  
 
[debug] [2019-07-04T19:35:13.853Z] <<< HTTP RESPONSE 200
[info] i  functions: preparing functions directory for uploading...
[debug] [2019-07-04T19:35:13.855Z] >>> HTTP REQUEST GET https://runtimeconfig.googleapis.com/v1beta1/projects/wylldo-b5c47/configs  
 
[debug] [2019-07-04T19:35:14.500Z] <<< HTTP RESPONSE 200
[debug] [2019-07-04T19:35:14.500Z] >>> HTTP REQUEST GET https://runtimeconfig.googleapis.com/v1beta1/projects/wylldo-b5c47/configs/redis-1-db-config/variables  
 
[debug] [2019-07-04T19:35:14.666Z] <<< HTTP RESPONSE 200
[debug] [2019-07-04T19:35:14.667Z] >>> HTTP REQUEST GET https://runtimeconfig.googleapis.com/v1beta1/projects/wylldo-b5c47/configs/redis-1-db-config/variables/status/success/redis-1-db-vm-2  
 
[debug] [2019-07-04T19:35:14.667Z] >>> HTTP REQUEST GET https://runtimeconfig.googleapis.com/v1beta1/projects/wylldo-b5c47/configs/redis-1-db-config/variables/status/success/redis-1-db-vm-0  
 
[debug] [2019-07-04T19:35:14.667Z] >>> HTTP REQUEST GET https://runtimeconfig.googleapis.com/v1beta1/projects/wylldo-b5c47/configs/redis-1-db-config/variables/status/success/redis-1-db-vm-1  
 
[debug] [2019-07-04T19:35:14.804Z] <<< HTTP RESPONSE 200
[debug] [2019-07-04T19:35:14.847Z] <<< HTTP RESPONSE 200
[debug] [2019-07-04T19:35:14.902Z] <<< HTTP RESPONSE 200
[info] i  functions: packaged functions (30.54 KB) for uploading
[debug] [2019-07-04T19:35:15.121Z] >>> HTTP REQUEST POST https://cloudfunctions.googleapis.com/v1/projects/wylldo-b5c47/locations/us-central1/functions:generateUploadUrl  
 
[debug] [2019-07-04T19:35:15.562Z] <<< HTTP RESPONSE 200
[debug] [2019-07-04T19:35:15.562Z] >>> HTTP REQUEST PUT https://storage.googleapis.com/gcf-upload-us-central1-d2565507-206c-4b2c-ba16-8f132a618ed0/988e591c-07cc-4ab0-ace9-480f45c73d9e.zip?GoogleAccessId=service-165584595264@gcf-admin-robot.iam.gserviceaccount.com&Expires=1562270715&Signature=nnAS9lu1aMUjrEzbaGzvFB1HyC3eah8YW5G21ud8er2l9VynXIBhJXU4u3HqY4c%2Ff5wmgh76P9%2F1Dlb0sKUC98YH7fV7uVhqNsrLHgZHAoQWrQ2RZu4BmE2rHpTOGPDwUBNLc0lMEuV6950yHYu9gRay8938KPcew02khIwK6KVkiDDiFd6XbrRUVQflnAY%2B1K9NqtpRTvyfZqdcmq%2B5AjEMylgLV0hqNyRgaSF4ej2GOvgTl7PVprQw3a3kSKcvCAUpZmPUSksEdixO%2BqT79ppXPGWGaC3%2FeTjLSy%2FaZOE3wC%2FMd%2FvjgGl5pxw3wCdAxGr7hhhRiLwH8%2B%2Byzyl5zA%3D%3D  

[debug] [2019-07-04T19:35:15.895Z] <<< HTTP RESPONSE 200
[info] ✔  functions: functions folder uploaded successfully
[debug] [2019-07-04T19:35:15.896Z] >>> HTTP REQUEST GET https://cloudfunctions.googleapis.com/v1/projects/wylldo-b5c47/locations/-/functions  
 
[debug] [2019-07-04T19:35:16.279Z] <<< HTTP RESPONSE 200
[info] i  functions: updating Node.js 8 function onReport(us-central1)...
[debug] [2019-07-04T19:35:16.280Z] Trigger is:  {"eventTrigger":{"resource":"projects/wylldo-b5c47/databases/(default)/documents/report/{report_id}","eventType":"providers/cloud.firestore/eventTypes/document.create","service":"firestore.googleapis.com"}}
[info] i  functions: updating Node.js 8 function onJoinLikeEvent(us-central1)...
[debug] [2019-07-04T19:35:16.281Z] Trigger is:  {"eventTrigger":{"resource":"projects/wylldo-b5c47/databases/(default)/documents/Events/{eventId}","eventType":"providers/cloud.firestore/eventTypes/document.update","service":"firestore.googleapis.com"}}
[info] i  functions: updating Node.js 8 function onAddComment(us-central1)...
[debug] [2019-07-04T19:35:16.281Z] Trigger is:  {"eventTrigger":{"resource":"projects/wylldo-b5c47/databases/(default)/documents/comment/{commentId}","eventType":"providers/cloud.firestore/eventTypes/document.create","service":"firestore.googleapis.com"}}
[info] i  functions: updating Node.js 8 function onDeleteComment(us-central1)...
[debug] [2019-07-04T19:35:16.281Z] Trigger is:  {"eventTrigger":{"resource":"projects/wylldo-b5c47/databases/(default)/documents/comment/{commentId}","eventType":"providers/cloud.firestore/eventTypes/document.delete","service":"firestore.googleapis.com"}}
[info] i  functions: updating Node.js 8 function onEventCreated(us-central1)...
[debug] [2019-07-04T19:35:16.281Z] Trigger is:  {"eventTrigger":{"resource":"projects/wylldo-b5c47/databases/(default)/documents/Events/{eventId}","eventType":"providers/cloud.firestore/eventTypes/document.create","service":"firestore.googleapis.com"}}
[info] i  functions: updating Node.js 8 function onInteractiveBtnPressedMapEventUpdate(us-central1)...
[debug] [2019-07-04T19:35:16.281Z] Trigger is:  {"eventTrigger":{"resource":"projects/wylldo-b5c47/databases/(default)/documents/Events/{eventId}","eventType":"providers/cloud.firestore/eventTypes/document.update","service":"firestore.googleapis.com"}}
[info] i  functions: updating Node.js 8 function onEventDeleted(us-central1)...
[debug] [2019-07-04T19:35:16.281Z] Trigger is:  {"eventTrigger":{"resource":"projects/wylldo-b5c47/databases/(default)/documents/Events/{eventId}","eventType":"providers/cloud.firestore/eventTypes/document.delete","service":"firestore.googleapis.com"}}
[info] i  functions: updating Node.js 8 function checkExpiredMapEvents(us-central1)...
[debug] [2019-07-04T19:35:16.282Z] Trigger is:  {"eventTrigger":{"resource":"projects/wylldo-b5c47/topics/firebase-schedule-checkExpiredMapEvents-us-central1","eventType":"google.pubsub.topic.publish","service":"pubsub.googleapis.com"}}
[info] i  scheduler: ensuring necessary APIs are enabled...
[info] i  pubsub: ensuring necessary APIs are enabled...
[debug] [2019-07-04T19:35:16.283Z] >>> HTTP REQUEST GET https://servicemanagement.googleapis.com/v1/services/cloudscheduler.googleapis.com/projectSettings/wylldo-b5c47?view=CONSUMER_VIEW  
 
[debug] [2019-07-04T19:35:16.283Z] >>> HTTP REQUEST GET https://servicemanagement.googleapis.com/v1/services/pubsub.googleapis.com/projectSettings/wylldo-b5c47?view=CONSUMER_VIEW  
 
[debug] [2019-07-04T19:35:17.243Z] <<< HTTP RESPONSE 200
[info] ✔  pubsub: all necessary APIs are enabled
[debug] [2019-07-04T19:35:17.423Z] <<< HTTP RESPONSE 200
[info] ✔  scheduler: all necessary APIs are enabled
[debug] [2019-07-04T19:35:17.425Z] >>> HTTP REQUEST GET https://cloudscheduler.googleapis.com/v1beta1/projects/wylldo-b5c47/locations/us-central1/jobs/firebase-schedule-checkExpiredMapEvents-us-central1  
 
[debug] [2019-07-04T19:35:17.792Z] <<< HTTP RESPONSE 200
[info] i  functions: scheduler job firebase-schedule-checkExpiredMapEvents-us-central1 is up to date, no changes required
[debug] [2019-07-04T19:35:17.794Z] >>> HTTP REQUEST PATCH https://cloudfunctions.googleapis.com/v1/projects/wylldo-b5c47/locations/us-central1/functions/onReport {"updateMask":"sourceUploadUrl,name,labels,runtime,eventTrigger.resource,eventTrigger.eventType,eventTrigger.service"} 

[debug] [2019-07-04T19:35:17.795Z] >>> HTTP REQUEST PATCH https://cloudfunctions.googleapis.com/v1/projects/wylldo-b5c47/locations/us-central1/functions/onJoinLikeEvent {"updateMask":"sourceUploadUrl,name,labels,runtime,eventTrigger.resource,eventTrigger.eventType,eventTrigger.service"} 

[debug] [2019-07-04T19:35:17.797Z] >>> HTTP REQUEST PATCH https://cloudfunctions.googleapis.com/v1/projects/wylldo-b5c47/locations/us-central1/functions/onAddComment {"updateMask":"sourceUploadUrl,name,labels,runtime,eventTrigger.resource,eventTrigger.eventType,eventTrigger.service"} 

[debug] [2019-07-04T19:35:17.797Z] >>> HTTP REQUEST PATCH https://cloudfunctions.googleapis.com/v1/projects/wylldo-b5c47/locations/us-central1/functions/onDeleteComment {"updateMask":"sourceUploadUrl,name,labels,runtime,eventTrigger.resource,eventTrigger.eventType,eventTrigger.service"} 

[debug] [2019-07-04T19:35:17.798Z] >>> HTTP REQUEST PATCH https://cloudfunctions.googleapis.com/v1/projects/wylldo-b5c47/locations/us-central1/functions/onEventCreated {"updateMask":"sourceUploadUrl,name,labels,runtime,eventTrigger.resource,eventTrigger.eventType,eventTrigger.service"} 

[debug] [2019-07-04T19:35:17.798Z] >>> HTTP REQUEST PATCH https://cloudfunctions.googleapis.com/v1/projects/wylldo-b5c47/locations/us-central1/functions/onInteractiveBtnPressedMapEventUpdate {"updateMask":"sourceUploadUrl,name,labels,runtime,eventTrigger.resource,eventTrigger.eventType,eventTrigger.service"} 

[debug] [2019-07-04T19:35:17.798Z] >>> HTTP REQUEST PATCH https://cloudfunctions.googleapis.com/v1/projects/wylldo-b5c47/locations/us-central1/functions/onEventDeleted {"updateMask":"sourceUploadUrl,name,labels,runtime,eventTrigger.resource,eventTrigger.eventType,eventTrigger.service"} 

[debug] [2019-07-04T19:35:17.799Z] >>> HTTP REQUEST PATCH https://cloudfunctions.googleapis.com/v1/projects/wylldo-b5c47/locations/us-central1/functions/checkExpiredMapEvents {"updateMask":"sourceUploadUrl,name,labels,runtime,eventTrigger.resource,eventTrigger.eventType,eventTrigger.service"} 

[debug] [2019-07-04T19:35:18.123Z] <<< HTTP RESPONSE 200
[debug] [2019-07-04T19:35:18.161Z] <<< HTTP RESPONSE 200
[debug] [2019-07-04T19:35:18.166Z] <<< HTTP RESPONSE 200
[debug] [2019-07-04T19:35:18.167Z] <<< HTTP RESPONSE 200
[debug] [2019-07-04T19:35:18.247Z] <<< HTTP RESPONSE 200
[debug] [2019-07-04T19:35:18.251Z] <<< HTTP RESPONSE 200
[debug] [2019-07-04T19:35:18.257Z] <<< HTTP RESPONSE 200
[debug] [2019-07-04T19:35:18.258Z] <<< HTTP RESPONSE 200
[debug] [2019-07-04T19:35:18.260Z] >>> HTTP REQUEST GET https://cloudfunctions.googleapis.com/v1/operations/d3lsbGRvLWI1YzQ3L3VzLWNlbnRyYWwxL29uUmVwb3J0L0poYjl2LWMxRU1j  
 
[debug] [2019-07-04T19:35:18.261Z] >>> HTTP REQUEST GET https://cloudfunctions.googleapis.com/v1/operations/d3lsbGRvLWI1YzQ3L3VzLWNlbnRyYWwxL29uSm9pbkxpa2VFdmVudC8xZm5aZm1BSVVxTQ  
 
[debug] [2019-07-04T19:35:18.261Z] >>> HTTP REQUEST GET https://cloudfunctions.googleapis.com/v1/operations/d3lsbGRvLWI1YzQ3L3VzLWNlbnRyYWwxL29uQWRkQ29tbWVudC9nczIxWWMwTTBmMA  
 
[debug] [2019-07-04T19:35:18.261Z] >>> HTTP REQUEST GET https://cloudfunctions.googleapis.com/v1/operations/d3lsbGRvLWI1YzQ3L3VzLWNlbnRyYWwxL29uRGVsZXRlQ29tbWVudC9VX08yRzlmbHpBOA  
 
[debug] [2019-07-04T19:35:18.261Z] >>> HTTP REQUEST GET https://cloudfunctions.googleapis.com/v1/operations/d3lsbGRvLWI1YzQ3L3VzLWNlbnRyYWwxL29uRXZlbnRDcmVhdGVkL0FmaWpmR0lSR3dR  
 
[debug] [2019-07-04T19:35:18.261Z] >>> HTTP REQUEST GET https://cloudfunctions.googleapis.com/v1/operations/d3lsbGRvLWI1YzQ3L3VzLWNlbnRyYWwxL29uSW50ZXJhY3RpdmVCdG5QcmVzc2VkTWFwRXZlbnRVcGRhdGUvNGFBN2VERElKM28  
 
[debug] [2019-07-04T19:35:18.261Z] >>> HTTP REQUEST GET https://cloudfunctions.googleapis.com/v1/operations/d3lsbGRvLWI1YzQ3L3VzLWNlbnRyYWwxL29uRXZlbnREZWxldGVkL2FidldDaGV0YVVn  
 
[debug] [2019-07-04T19:35:18.262Z] >>> HTTP REQUEST GET https://cloudfunctions.googleapis.com/v1/operations/d3lsbGRvLWI1YzQ3L3VzLWNlbnRyYWwxL2NoZWNrRXhwaXJlZE1hcEV2ZW50cy9IT1duSmxVREFuQQ  
 
[debug] [2019-07-04T19:35:18.422Z] <<< HTTP RESPONSE 200
[debug] [2019-07-04T19:35:18.597Z] <<< HTTP RESPONSE 200
[debug] [2019-07-04T19:35:18.598Z] <<< HTTP RESPONSE 200
[debug] [2019-07-04T19:35:18.601Z] <<< HTTP RESPONSE 200
[debug] [2019-07-04T19:35:18.601Z] <<< HTTP RESPONSE 200
[debug] [2019-07-04T19:35:18.604Z] <<< HTTP RESPONSE 200
[debug] [2019-07-04T19:35:18.610Z] <<< HTTP RESPONSE 200
[debug] [2019-07-04T19:35:18.615Z] <<< HTTP RESPONSE 200
[debug] [2019-07-04T19:35:20.424Z] >>> HTTP REQUEST GET https://cloudfunctions.googleapis.com/v1/operations/d3lsbGRvLWI1YzQ3L3VzLWNlbnRyYWwxL29uRXZlbnRDcmVhdGVkL0FmaWpmR0lSR3dR  
 
[debug] [2019-07-04T19:35:20.601Z] >>> HTTP REQUEST GET https://cloudfunctions.googleapis.com/v1/operations/d3lsbGRvLWI1YzQ3L3VzLWNlbnRyYWwxL29uQWRkQ29tbWVudC9nczIxWWMwTTBmMA  
 
[debug] [2019-07-04T19:35:20.601Z] >>> HTTP REQUEST GET https://cloudfunctions.googleapis.com/v1/operations/d3lsbGRvLWI1YzQ3L3VzLWNlbnRyYWwxL29uUmVwb3J0L0poYjl2LWMxRU1j  
 
[debug] [2019-07-04T19:35:20.603Z] >>> HTTP REQUEST GET https://cloudfunctions.googleapis.com/v1/operations/d3lsbGRvLWI1YzQ3L3VzLWNlbnRyYWwxL29uSW50ZXJhY3RpdmVCdG5QcmVzc2VkTWFwRXZlbnRVcGRhdGUvNGFBN2VERElKM28  
 
[debug] [2019-07-04T19:35:20.603Z] >>> HTTP REQUEST GET https://cloudfunctions.googleapis.com/v1/operations/d3lsbGRvLWI1YzQ3L3VzLWNlbnRyYWwxL29uSm9pbkxpa2VFdmVudC8xZm5aZm1BSVVxTQ  
 
[debug] [2019-07-04T19:35:20.605Z] >>> HTTP REQUEST GET https://cloudfunctions.googleapis.com/v1/operations/d3lsbGRvLWI1YzQ3L3VzLWNlbnRyYWwxL29uRXZlbnREZWxldGVkL2FidldDaGV0YVVn  
 
[debug] [2019-07-04T19:35:20.611Z] >>> HTTP REQUEST GET https://cloudfunctions.googleapis.com/v1/operations/d3lsbGRvLWI1YzQ3L3VzLWNlbnRyYWwxL29uRGVsZXRlQ29tbWVudC9VX08yRzlmbHpBOA  
 
[debug] [2019-07-04T19:35:20.616Z] >>> HTTP REQUEST GET https://cloudfunctions.googleapis.com/v1/operations/d3lsbGRvLWI1YzQ3L3VzLWNlbnRyYWwxL2NoZWNrRXhwaXJlZE1hcEV2ZW50cy9IT1duSmxVREFuQQ  
 
[debug] [2019-07-04T19:35:20.627Z] <<< HTTP RESPONSE 200
[debug] [2019-07-04T19:35:20.770Z] <<< HTTP RESPONSE 200
[debug] [2019-07-04T19:35:20.780Z] <<< HTTP RESPONSE 200
[debug] [2019-07-04T19:35:20.783Z] <<< HTTP RESPONSE 200
[debug] [2019-07-04T19:35:20.938Z] <<< HTTP RESPONSE 200
[debug] [2019-07-04T19:35:20.939Z] <<< HTTP RESPONSE 200
[debug] [2019-07-04T19:35:20.975Z] <<< HTTP RESPONSE 200
[debug] [2019-07-04T19:35:20.976Z] <<< HTTP RESPONSE 200
[debug] [2019-07-04T19:35:22.628Z] >>> HTTP REQUEST GET https://cloudfunctions.googleapis.com/v1/operations/d3lsbGRvLWI1YzQ3L3VzLWNlbnRyYWwxL29uRXZlbnRDcmVhdGVkL0FmaWpmR0lSR3dR  
 
[debug] [2019-07-04T19:35:22.775Z] >>> HTTP REQUEST GET https://cloudfunctions.googleapis.com/v1/operations/d3lsbGRvLWI1YzQ3L3VzLWNlbnRyYWwxL29uUmVwb3J0L0poYjl2LWMxRU1j  
 
[debug] [2019-07-04T19:35:22.780Z] >>> HTTP REQUEST GET https://cloudfunctions.googleapis.com/v1/operations/d3lsbGRvLWI1YzQ3L3VzLWNlbnRyYWwxL29uQWRkQ29tbWVudC9nczIxWWMwTTBmMA  
 
[debug] [2019-07-04T19:35:22.783Z] >>> HTTP REQUEST GET https://cloudfunctions.googleapis.com/v1/operations/d3lsbGRvLWI1YzQ3L3VzLWNlbnRyYWwxL29uSW50ZXJhY3RpdmVCdG5QcmVzc2VkTWFwRXZlbnRVcGRhdGUvNGFBN2VERElKM28  
 
[debug] [2019-07-04T19:35:22.929Z] <<< HTTP RESPONSE 200
[debug] [2019-07-04T19:35:22.940Z] >>> HTTP REQUEST GET https://cloudfunctions.googleapis.com/v1/operations/d3lsbGRvLWI1YzQ3L3VzLWNlbnRyYWwxL29uSm9pbkxpa2VFdmVudC8xZm5aZm1BSVVxTQ  
 
[debug] [2019-07-04T19:35:22.941Z] >>> HTTP REQUEST GET https://cloudfunctions.googleapis.com/v1/operations/d3lsbGRvLWI1YzQ3L3VzLWNlbnRyYWwxL29uRXZlbnREZWxldGVkL2FidldDaGV0YVVn  
 
[debug] [2019-07-04T19:35:22.964Z] <<< HTTP RESPONSE 200
[debug] [2019-07-04T19:35:22.976Z] >>> HTTP REQUEST GET https://cloudfunctions.googleapis.com/v1/operations/d3lsbGRvLWI1YzQ3L3VzLWNlbnRyYWwxL2NoZWNrRXhwaXJlZE1hcEV2ZW50cy9IT1duSmxVREFuQQ  
 
[debug] [2019-07-04T19:35:22.976Z] >>> HTTP REQUEST GET https://cloudfunctions.googleapis.com/v1/operations/d3lsbGRvLWI1YzQ3L3VzLWNlbnRyYWwxL29uRGVsZXRlQ29tbWVudC9VX08yRzlmbHpBOA  
 
[debug] [2019-07-04T19:35:23.106Z] <<< HTTP RESPONSE 200
[debug] [2019-07-04T19:35:23.107Z] <<< HTTP RESPONSE 200
[debug] [2019-07-04T19:35:23.124Z] <<< HTTP RESPONSE 200
[debug] [2019-07-04T19:35:23.275Z] <<< HTTP RESPONSE 200
[debug] [2019-07-04T19:35:23.300Z] <<< HTTP RESPONSE 200
[debug] [2019-07-04T19:35:23.317Z] <<< HTTP RESPONSE 200
[debug] [2019-07-04T19:35:24.932Z] >>> HTTP REQUEST GET https://cloudfunctions.googleapis.com/v1/operations/d3lsbGRvLWI1YzQ3L3VzLWNlbnRyYWwxL29uUmVwb3J0L0poYjl2LWMxRU1j  
 
[debug] [2019-07-04T19:35:24.965Z] >>> HTTP REQUEST GET https://cloudfunctions.googleapis.com/v1/operations/d3lsbGRvLWI1YzQ3L3VzLWNlbnRyYWwxL29uRXZlbnRDcmVhdGVkL0FmaWpmR0lSR3dR  
 
[debug] [2019-07-04T19:35:25.110Z] >>> HTTP REQUEST GET https://cloudfunctions.googleapis.com/v1/operations/d3lsbGRvLWI1YzQ3L3VzLWNlbnRyYWwxL29uSW50ZXJhY3RpdmVCdG5QcmVzc2VkTWFwRXZlbnRVcGRhdGUvNGFBN2VERElKM28  
 
[debug] [2019-07-04T19:35:25.111Z] >>> HTTP REQUEST GET https://cloudfunctions.googleapis.com/v1/operations/d3lsbGRvLWI1YzQ3L3VzLWNlbnRyYWwxL29uQWRkQ29tbWVudC9nczIxWWMwTTBmMA  
 
[debug] [2019-07-04T19:35:25.124Z] >>> HTTP REQUEST GET https://cloudfunctions.googleapis.com/v1/operations/d3lsbGRvLWI1YzQ3L3VzLWNlbnRyYWwxL29uSm9pbkxpa2VFdmVudC8xZm5aZm1BSVVxTQ  
 
[debug] [2019-07-04T19:35:25.124Z] <<< HTTP RESPONSE 200
[debug] [2019-07-04T19:35:25.250Z] <<< HTTP RESPONSE 200
[debug] [2019-07-04T19:35:25.276Z] >>> HTTP REQUEST GET https://cloudfunctions.googleapis.com/v1/operations/d3lsbGRvLWI1YzQ3L3VzLWNlbnRyYWwxL29uRXZlbnREZWxldGVkL2FidldDaGV0YVVn  
 
[debug] [2019-07-04T19:35:25.280Z] <<< HTTP RESPONSE 200
[debug] [2019-07-04T19:35:25.302Z] >>> HTTP REQUEST GET https://cloudfunctions.googleapis.com/v1/operations/d3lsbGRvLWI1YzQ3L3VzLWNlbnRyYWwxL2NoZWNrRXhwaXJlZE1hcEV2ZW50cy9IT1duSmxVREFuQQ  
 
[debug] [2019-07-04T19:35:25.318Z] >>> HTTP REQUEST GET https://cloudfunctions.googleapis.com/v1/operations/d3lsbGRvLWI1YzQ3L3VzLWNlbnRyYWwxL29uRGVsZXRlQ29tbWVudC9VX08yRzlmbHpBOA  
 
[debug] [2019-07-04T19:35:25.438Z] <<< HTTP RESPONSE 200
[debug] [2019-07-04T19:35:25.443Z] <<< HTTP RESPONSE 200
[debug] [2019-07-04T19:35:25.602Z] <<< HTTP RESPONSE 200
[debug] [2019-07-04T19:35:25.623Z] <<< HTTP RESPONSE 200
[debug] [2019-07-04T19:35:25.636Z] <<< HTTP RESPONSE 200
[debug] [2019-07-04T19:35:27.128Z] >>> HTTP REQUEST GET https://cloudfunctions.googleapis.com/v1/operations/d3lsbGRvLWI1YzQ3L3VzLWNlbnRyYWwxL29uRXZlbnRDcmVhdGVkL0FmaWpmR0lSR3dR  
 
[debug] [2019-07-04T19:35:27.251Z] >>> HTTP REQUEST GET https://cloudfunctions.googleapis.com/v1/operations/d3lsbGRvLWI1YzQ3L3VzLWNlbnRyYWwxL29uUmVwb3J0L0poYjl2LWMxRU1j  
 
[debug] [2019-07-04T19:35:27.281Z] >>> HTTP REQUEST GET https://cloudfunctions.googleapis.com/v1/operations/d3lsbGRvLWI1YzQ3L3VzLWNlbnRyYWwxL29uSm9pbkxpa2VFdmVudC8xZm5aZm1BSVVxTQ  
 
[debug] [2019-07-04T19:35:27.409Z] <<< HTTP RESPONSE 200
[debug] [2019-07-04T19:35:27.434Z] <<< HTTP RESPONSE 200
[debug] [2019-07-04T19:35:27.438Z] >>> HTTP REQUEST GET https://cloudfunctions.googleapis.com/v1/operations/d3lsbGRvLWI1YzQ3L3VzLWNlbnRyYWwxL29uSW50ZXJhY3RpdmVCdG5QcmVzc2VkTWFwRXZlbnRVcGRhdGUvNGFBN2VERElKM28  
 
[debug] [2019-07-04T19:35:27.443Z] >>> HTTP REQUEST GET https://cloudfunctions.googleapis.com/v1/operations/d3lsbGRvLWI1YzQ3L3VzLWNlbnRyYWwxL29uQWRkQ29tbWVudC9nczIxWWMwTTBmMA  
 
[debug] [2019-07-04T19:35:27.449Z] <<< HTTP RESPONSE 200
[debug] [2019-07-04T19:35:27.606Z] >>> HTTP REQUEST GET https://cloudfunctions.googleapis.com/v1/operations/d3lsbGRvLWI1YzQ3L3VzLWNlbnRyYWwxL29uRXZlbnREZWxldGVkL2FidldDaGV0YVVn  
 
[debug] [2019-07-04T19:35:27.626Z] >>> HTTP REQUEST GET https://cloudfunctions.googleapis.com/v1/operations/d3lsbGRvLWI1YzQ3L3VzLWNlbnRyYWwxL2NoZWNrRXhwaXJlZE1hcEV2ZW50cy9IT1duSmxVREFuQQ  
 
[debug] [2019-07-04T19:35:27.637Z] >>> HTTP REQUEST GET https://cloudfunctions.googleapis.com/v1/operations/d3lsbGRvLWI1YzQ3L3VzLWNlbnRyYWwxL29uRGVsZXRlQ29tbWVudC9VX08yRzlmbHpBOA  
 
[debug] [2019-07-04T19:35:27.769Z] <<< HTTP RESPONSE 200
[debug] [2019-07-04T19:35:27.785Z] <<< HTTP RESPONSE 200
[debug] [2019-07-04T19:35:27.796Z] <<< HTTP RESPONSE 200
[debug] [2019-07-04T19:35:27.930Z] <<< HTTP RESPONSE 200
[debug] [2019-07-04T19:35:27.952Z] <<< HTTP RESPONSE 200
[debug] [2019-07-04T19:35:29.414Z] >>> HTTP REQUEST GET https://cloudfunctions.googleapis.com/v1/operations/d3lsbGRvLWI1YzQ3L3VzLWNlbnRyYWwxL29uUmVwb3J0L0poYjl2LWMxRU1j  
 
[debug] [2019-07-04T19:35:29.435Z] >>> HTTP REQUEST GET https://cloudfunctions.googleapis.com/v1/operations/d3lsbGRvLWI1YzQ3L3VzLWNlbnRyYWwxL29uSm9pbkxpa2VFdmVudC8xZm5aZm1BSVVxTQ  
 
[debug] [2019-07-04T19:35:29.450Z] >>> HTTP REQUEST GET https://cloudfunctions.googleapis.com/v1/operations/d3lsbGRvLWI1YzQ3L3VzLWNlbnRyYWwxL29uRXZlbnRDcmVhdGVkL0FmaWpmR0lSR3dR  
 
[debug] [2019-07-04T19:35:29.588Z] <<< HTTP RESPONSE 200
[debug] [2019-07-04T19:35:29.752Z] <<< HTTP RESPONSE 200
[debug] [2019-07-04T19:35:29.769Z] >>> HTTP REQUEST GET https://cloudfunctions.googleapis.com/v1/operations/d3lsbGRvLWI1YzQ3L3VzLWNlbnRyYWwxL29uSW50ZXJhY3RpdmVCdG5QcmVzc2VkTWFwRXZlbnRVcGRhdGUvNGFBN2VERElKM28  
 
[debug] [2019-07-04T19:35:29.771Z] <<< HTTP RESPONSE 200
[debug] [2019-07-04T19:35:29.788Z] >>> HTTP REQUEST GET https://cloudfunctions.googleapis.com/v1/operations/d3lsbGRvLWI1YzQ3L3VzLWNlbnRyYWwxL29uQWRkQ29tbWVudC9nczIxWWMwTTBmMA  
 
[debug] [2019-07-04T19:35:29.795Z] >>> HTTP REQUEST GET https://cloudfunctions.googleapis.com/v1/operations/d3lsbGRvLWI1YzQ3L3VzLWNlbnRyYWwxL29uRGVsZXRlQ29tbWVudC9VX08yRzlmbHpBOA  
 
[debug] [2019-07-04T19:35:29.935Z] >>> HTTP REQUEST GET https://cloudfunctions.googleapis.com/v1/operations/d3lsbGRvLWI1YzQ3L3VzLWNlbnRyYWwxL29uRXZlbnREZWxldGVkL2FidldDaGV0YVVn  
 
[debug] [2019-07-04T19:35:29.955Z] >>> HTTP REQUEST GET https://cloudfunctions.googleapis.com/v1/operations/d3lsbGRvLWI1YzQ3L3VzLWNlbnRyYWwxL2NoZWNrRXhwaXJlZE1hcEV2ZW50cy9IT1duSmxVREFuQQ  
 
[debug] [2019-07-04T19:35:30.095Z] <<< HTTP RESPONSE 200
[debug] [2019-07-04T19:35:30.107Z] <<< HTTP RESPONSE 200
[debug] [2019-07-04T19:35:30.112Z] <<< HTTP RESPONSE 200
[debug] [2019-07-04T19:35:30.263Z] <<< HTTP RESPONSE 200
[debug] [2019-07-04T19:35:30.276Z] <<< HTTP RESPONSE 200
[debug] [2019-07-04T19:35:31.592Z] >>> HTTP REQUEST GET https://cloudfunctions.googleapis.com/v1/operations/d3lsbGRvLWI1YzQ3L3VzLWNlbnRyYWwxL29uSm9pbkxpa2VFdmVudC8xZm5aZm1BSVVxTQ  
 
[debug] [2019-07-04T19:35:31.753Z] >>> HTTP REQUEST GET https://cloudfunctions.googleapis.com/v1/operations/d3lsbGRvLWI1YzQ3L3VzLWNlbnRyYWwxL29uUmVwb3J0L0poYjl2LWMxRU1j  
 
[debug] [2019-07-04T19:35:31.771Z] >>> HTTP REQUEST GET https://cloudfunctions.googleapis.com/v1/operations/d3lsbGRvLWI1YzQ3L3VzLWNlbnRyYWwxL29uRXZlbnRDcmVhdGVkL0FmaWpmR0lSR3dR  
 
[debug] [2019-07-04T19:35:31.919Z] <<< HTTP RESPONSE 200
[debug] [2019-07-04T19:35:32.084Z] <<< HTTP RESPONSE 200
[debug] [2019-07-04T19:35:32.097Z] >>> HTTP REQUEST GET https://cloudfunctions.googleapis.com/v1/operations/d3lsbGRvLWI1YzQ3L3VzLWNlbnRyYWwxL29uSW50ZXJhY3RpdmVCdG5QcmVzc2VkTWFwRXZlbnRVcGRhdGUvNGFBN2VERElKM28  
 
[debug] [2019-07-04T19:35:32.100Z] <<< HTTP RESPONSE 200
[debug] [2019-07-04T19:35:32.107Z] >>> HTTP REQUEST GET https://cloudfunctions.googleapis.com/v1/operations/d3lsbGRvLWI1YzQ3L3VzLWNlbnRyYWwxL29uQWRkQ29tbWVudC9nczIxWWMwTTBmMA  
 
[debug] [2019-07-04T19:35:32.113Z] >>> HTTP REQUEST GET https://cloudfunctions.googleapis.com/v1/operations/d3lsbGRvLWI1YzQ3L3VzLWNlbnRyYWwxL29uRGVsZXRlQ29tbWVudC9VX08yRzlmbHpBOA  
 
[debug] [2019-07-04T19:35:32.263Z] >>> HTTP REQUEST GET https://cloudfunctions.googleapis.com/v1/operations/d3lsbGRvLWI1YzQ3L3VzLWNlbnRyYWwxL29uRXZlbnREZWxldGVkL2FidldDaGV0YVVn  
 
[debug] [2019-07-04T19:35:32.264Z] <<< HTTP RESPONSE 200
[debug] [2019-07-04T19:35:32.266Z] <<< HTTP RESPONSE 200
[debug] [2019-07-04T19:35:32.274Z] <<< HTTP RESPONSE 200
[debug] [2019-07-04T19:35:32.276Z] >>> HTTP REQUEST GET https://cloudfunctions.googleapis.com/v1/operations/d3lsbGRvLWI1YzQ3L3VzLWNlbnRyYWwxL2NoZWNrRXhwaXJlZE1hcEV2ZW50cy9IT1duSmxVREFuQQ  
 
[debug] [2019-07-04T19:35:32.460Z] <<< HTTP RESPONSE 200
[debug] [2019-07-04T19:35:32.603Z] <<< HTTP RESPONSE 200
[debug] [2019-07-04T19:35:33.922Z] >>> HTTP REQUEST GET https://cloudfunctions.googleapis.com/v1/operations/d3lsbGRvLWI1YzQ3L3VzLWNlbnRyYWwxL29uSm9pbkxpa2VFdmVudC8xZm5aZm1BSVVxTQ  
 
[debug] [2019-07-04T19:35:34.088Z] >>> HTTP REQUEST GET https://cloudfunctions.googleapis.com/v1/operations/d3lsbGRvLWI1YzQ3L3VzLWNlbnRyYWwxL29uUmVwb3J0L0poYjl2LWMxRU1j  
 
[debug] [2019-07-04T19:35:34.100Z] >>> HTTP REQUEST GET https://cloudfunctions.googleapis.com/v1/operations/d3lsbGRvLWI1YzQ3L3VzLWNlbnRyYWwxL29uRXZlbnRDcmVhdGVkL0FmaWpmR0lSR3dR  
 
[debug] [2019-07-04T19:35:34.266Z] >>> HTTP REQUEST GET https://cloudfunctions.googleapis.com/v1/operations/d3lsbGRvLWI1YzQ3L3VzLWNlbnRyYWwxL29uQWRkQ29tbWVudC9nczIxWWMwTTBmMA  
 
[debug] [2019-07-04T19:35:34.266Z] >>> HTTP REQUEST GET https://cloudfunctions.googleapis.com/v1/operations/d3lsbGRvLWI1YzQ3L3VzLWNlbnRyYWwxL29uRGVsZXRlQ29tbWVudC9VX08yRzlmbHpBOA  
 
[debug] [2019-07-04T19:35:34.266Z] <<< HTTP RESPONSE 200
[debug] [2019-07-04T19:35:34.276Z] >>> HTTP REQUEST GET https://cloudfunctions.googleapis.com/v1/operations/d3lsbGRvLWI1YzQ3L3VzLWNlbnRyYWwxL29uSW50ZXJhY3RpdmVCdG5QcmVzc2VkTWFwRXZlbnRVcGRhdGUvNGFBN2VERElKM28  
 
[debug] [2019-07-04T19:35:34.420Z] <<< HTTP RESPONSE 200
[debug] [2019-07-04T19:35:34.426Z] <<< HTTP RESPONSE 200
[debug] [2019-07-04T19:35:34.427Z] <<< HTTP RESPONSE 200
[debug] [2019-07-04T19:35:34.464Z] >>> HTTP REQUEST GET https://cloudfunctions.googleapis.com/v1/operations/d3lsbGRvLWI1YzQ3L3VzLWNlbnRyYWwxL2NoZWNrRXhwaXJlZE1hcEV2ZW50cy9IT1duSmxVREFuQQ  
 
[debug] [2019-07-04T19:35:34.592Z] <<< HTTP RESPONSE 200
[debug] [2019-07-04T19:35:34.593Z] <<< HTTP RESPONSE 200
[debug] [2019-07-04T19:35:34.604Z] >>> HTTP REQUEST GET https://cloudfunctions.googleapis.com/v1/operations/d3lsbGRvLWI1YzQ3L3VzLWNlbnRyYWwxL29uRXZlbnREZWxldGVkL2FidldDaGV0YVVn  
 
[debug] [2019-07-04T19:35:34.627Z] <<< HTTP RESPONSE 200
[debug] [2019-07-04T19:35:34.766Z] <<< HTTP RESPONSE 200
[debug] [2019-07-04T19:35:36.270Z] >>> HTTP REQUEST GET https://cloudfunctions.googleapis.com/v1/operations/d3lsbGRvLWI1YzQ3L3VzLWNlbnRyYWwxL29uSm9pbkxpa2VFdmVudC8xZm5aZm1BSVVxTQ  
 
[debug] [2019-07-04T19:35:36.421Z] >>> HTTP REQUEST GET https://cloudfunctions.googleapis.com/v1/operations/d3lsbGRvLWI1YzQ3L3VzLWNlbnRyYWwxL29uRXZlbnRDcmVhdGVkL0FmaWpmR0lSR3dR  
 
[debug] [2019-07-04T19:35:36.426Z] >>> HTTP REQUEST GET https://cloudfunctions.googleapis.com/v1/operations/d3lsbGRvLWI1YzQ3L3VzLWNlbnRyYWwxL29uRGVsZXRlQ29tbWVudC9VX08yRzlmbHpBOA  
 
[debug] [2019-07-04T19:35:36.427Z] >>> HTTP REQUEST GET https://cloudfunctions.googleapis.com/v1/operations/d3lsbGRvLWI1YzQ3L3VzLWNlbnRyYWwxL29uUmVwb3J0L0poYjl2LWMxRU1j  
 
[debug] [2019-07-04T19:35:36.434Z] <<< HTTP RESPONSE 200
[debug] [2019-07-04T19:35:36.582Z] <<< HTTP RESPONSE 200
[debug] [2019-07-04T19:35:36.593Z] >>> HTTP REQUEST GET https://cloudfunctions.googleapis.com/v1/operations/d3lsbGRvLWI1YzQ3L3VzLWNlbnRyYWwxL29uSW50ZXJhY3RpdmVCdG5QcmVzc2VkTWFwRXZlbnRVcGRhdGUvNGFBN2VERElKM28  
 
[debug] [2019-07-04T19:35:36.594Z] >>> HTTP REQUEST GET https://cloudfunctions.googleapis.com/v1/operations/d3lsbGRvLWI1YzQ3L3VzLWNlbnRyYWwxL29uQWRkQ29tbWVudC9nczIxWWMwTTBmMA  
 
[debug] [2019-07-04T19:35:36.626Z] >>> HTTP REQUEST GET https://cloudfunctions.googleapis.com/v1/operations/d3lsbGRvLWI1YzQ3L3VzLWNlbnRyYWwxL2NoZWNrRXhwaXJlZE1hcEV2ZW50cy9IT1duSmxVREFuQQ  
 
[debug] [2019-07-04T19:35:36.749Z] <<< HTTP RESPONSE 200
[debug] [2019-07-04T19:35:36.769Z] >>> HTTP REQUEST GET https://cloudfunctions.googleapis.com/v1/operations/d3lsbGRvLWI1YzQ3L3VzLWNlbnRyYWwxL29uRXZlbnREZWxldGVkL2FidldDaGV0YVVn  
 
[debug] [2019-07-04T19:35:36.774Z] <<< HTTP RESPONSE 200
[debug] [2019-07-04T19:35:36.923Z] <<< HTTP RESPONSE 200
[debug] [2019-07-04T19:35:36.931Z] <<< HTTP RESPONSE 200
[debug] [2019-07-04T19:35:36.934Z] <<< HTTP RESPONSE 200
[debug] [2019-07-04T19:35:36.951Z] <<< HTTP RESPONSE 200
[debug] [2019-07-04T19:35:38.434Z] >>> HTTP REQUEST GET https://cloudfunctions.googleapis.com/v1/operations/d3lsbGRvLWI1YzQ3L3VzLWNlbnRyYWwxL29uSm9pbkxpa2VFdmVudC8xZm5aZm1BSVVxTQ  
 
[debug] [2019-07-04T19:35:38.587Z] >>> HTTP REQUEST GET https://cloudfunctions.googleapis.com/v1/operations/d3lsbGRvLWI1YzQ3L3VzLWNlbnRyYWwxL29uUmVwb3J0L0poYjl2LWMxRU1j  
 
[debug] [2019-07-04T19:35:38.754Z] >>> HTTP REQUEST GET https://cloudfunctions.googleapis.com/v1/operations/d3lsbGRvLWI1YzQ3L3VzLWNlbnRyYWwxL29uRXZlbnRDcmVhdGVkL0FmaWpmR0lSR3dR  
 
[debug] [2019-07-04T19:35:38.763Z] <<< HTTP RESPONSE 200
[debug] [2019-07-04T19:35:38.777Z] >>> HTTP REQUEST GET https://cloudfunctions.googleapis.com/v1/operations/d3lsbGRvLWI1YzQ3L3VzLWNlbnRyYWwxL29uRGVsZXRlQ29tbWVudC9VX08yRzlmbHpBOA  
 
[debug] [2019-07-04T19:35:38.910Z] <<< HTTP RESPONSE 200
[debug] [2019-07-04T19:35:38.927Z] >>> HTTP REQUEST GET https://cloudfunctions.googleapis.com/v1/operations/d3lsbGRvLWI1YzQ3L3VzLWNlbnRyYWwxL29uRXZlbnREZWxldGVkL2FidldDaGV0YVVn  
 
[debug] [2019-07-04T19:35:38.931Z] >>> HTTP REQUEST GET https://cloudfunctions.googleapis.com/v1/operations/d3lsbGRvLWI1YzQ3L3VzLWNlbnRyYWwxL29uQWRkQ29tbWVudC9nczIxWWMwTTBmMA  
 
[debug] [2019-07-04T19:35:38.934Z] >>> HTTP REQUEST GET https://cloudfunctions.googleapis.com/v1/operations/d3lsbGRvLWI1YzQ3L3VzLWNlbnRyYWwxL29uSW50ZXJhY3RpdmVCdG5QcmVzc2VkTWFwRXZlbnRVcGRhdGUvNGFBN2VERElKM28  
 
[debug] [2019-07-04T19:35:38.951Z] >>> HTTP REQUEST GET https://cloudfunctions.googleapis.com/v1/operations/d3lsbGRvLWI1YzQ3L3VzLWNlbnRyYWwxL2NoZWNrRXhwaXJlZE1hcEV2ZW50cy9IT1duSmxVREFuQQ  
 
[debug] [2019-07-04T19:35:39.073Z] <<< HTTP RESPONSE 200
[debug] [2019-07-04T19:35:39.089Z] <<< HTTP RESPONSE 200
[debug] [2019-07-04T19:35:39.110Z] <<< HTTP RESPONSE 200
[debug] [2019-07-04T19:35:39.247Z] <<< HTTP RESPONSE 200
[debug] [2019-07-04T19:35:39.256Z] <<< HTTP RESPONSE 200
[debug] [2019-07-04T19:35:39.269Z] <<< HTTP RESPONSE 200
[debug] [2019-07-04T19:35:40.768Z] >>> HTTP REQUEST GET https://cloudfunctions.googleapis.com/v1/operations/d3lsbGRvLWI1YzQ3L3VzLWNlbnRyYWwxL29uSm9pbkxpa2VFdmVudC8xZm5aZm1BSVVxTQ  
 
[debug] [2019-07-04T19:35:40.914Z] >>> HTTP REQUEST GET https://cloudfunctions.googleapis.com/v1/operations/d3lsbGRvLWI1YzQ3L3VzLWNlbnRyYWwxL29uUmVwb3J0L0poYjl2LWMxRU1j  
 
[debug] [2019-07-04T19:35:41.068Z] <<< HTTP RESPONSE 200
[debug] [2019-07-04T19:35:41.074Z] >>> HTTP REQUEST GET https://cloudfunctions.googleapis.com/v1/operations/d3lsbGRvLWI1YzQ3L3VzLWNlbnRyYWwxL29uRXZlbnRDcmVhdGVkL0FmaWpmR0lSR3dR  
 
[debug] [2019-07-04T19:35:41.091Z] >>> HTTP REQUEST GET https://cloudfunctions.googleapis.com/v1/operations/d3lsbGRvLWI1YzQ3L3VzLWNlbnRyYWwxL29uSW50ZXJhY3RpdmVCdG5QcmVzc2VkTWFwRXZlbnRVcGRhdGUvNGFBN2VERElKM28  
 
[debug] [2019-07-04T19:35:41.099Z] <<< HTTP RESPONSE 200
[debug] [2019-07-04T19:35:41.112Z] >>> HTTP REQUEST GET https://cloudfunctions.googleapis.com/v1/operations/d3lsbGRvLWI1YzQ3L3VzLWNlbnRyYWwxL29uRGVsZXRlQ29tbWVudC9VX08yRzlmbHpBOA  
 
[debug] [2019-07-04T19:35:41.251Z] >>> HTTP REQUEST GET https://cloudfunctions.googleapis.com/v1/operations/d3lsbGRvLWI1YzQ3L3VzLWNlbnRyYWwxL29uRXZlbnREZWxldGVkL2FidldDaGV0YVVn  
 
[debug] [2019-07-04T19:35:41.258Z] >>> HTTP REQUEST GET https://cloudfunctions.googleapis.com/v1/operations/d3lsbGRvLWI1YzQ3L3VzLWNlbnRyYWwxL29uQWRkQ29tbWVudC9nczIxWWMwTTBmMA  
 
[debug] [2019-07-04T19:35:41.263Z] <<< HTTP RESPONSE 200
[debug] [2019-07-04T19:35:41.263Z] <<< HTTP RESPONSE 200
[debug] [2019-07-04T19:35:41.269Z] >>> HTTP REQUEST GET https://cloudfunctions.googleapis.com/v1/operations/d3lsbGRvLWI1YzQ3L3VzLWNlbnRyYWwxL2NoZWNrRXhwaXJlZE1hcEV2ZW50cy9IT1duSmxVREFuQQ  
 
[debug] [2019-07-04T19:35:41.397Z] <<< HTTP RESPONSE 200
[debug] [2019-07-04T19:35:41.429Z] <<< HTTP RESPONSE 200
[debug] [2019-07-04T19:35:41.578Z] <<< HTTP RESPONSE 200
[debug] [2019-07-04T19:35:41.593Z] <<< HTTP RESPONSE 200
[debug] [2019-07-04T19:35:43.072Z] >>> HTTP REQUEST GET https://cloudfunctions.googleapis.com/v1/operations/d3lsbGRvLWI1YzQ3L3VzLWNlbnRyYWwxL29uUmVwb3J0L0poYjl2LWMxRU1j  
 
[debug] [2019-07-04T19:35:43.099Z] >>> HTTP REQUEST GET https://cloudfunctions.googleapis.com/v1/operations/d3lsbGRvLWI1YzQ3L3VzLWNlbnRyYWwxL29uSm9pbkxpa2VFdmVudC8xZm5aZm1BSVVxTQ  
 
[debug] [2019-07-04T19:35:43.252Z] <<< HTTP RESPONSE 200
[debug] [2019-07-04T19:35:43.258Z] <<< HTTP RESPONSE 200
[debug] [2019-07-04T19:35:43.264Z] >>> HTTP REQUEST GET https://cloudfunctions.googleapis.com/v1/operations/d3lsbGRvLWI1YzQ3L3VzLWNlbnRyYWwxL29uRXZlbnRDcmVhdGVkL0FmaWpmR0lSR3dR  
 
[debug] [2019-07-04T19:35:43.264Z] >>> HTTP REQUEST GET https://cloudfunctions.googleapis.com/v1/operations/d3lsbGRvLWI1YzQ3L3VzLWNlbnRyYWwxL29uSW50ZXJhY3RpdmVCdG5QcmVzc2VkTWFwRXZlbnRVcGRhdGUvNGFBN2VERElKM28  
 
[debug] [2019-07-04T19:35:43.398Z] >>> HTTP REQUEST GET https://cloudfunctions.googleapis.com/v1/operations/d3lsbGRvLWI1YzQ3L3VzLWNlbnRyYWwxL29uRXZlbnREZWxldGVkL2FidldDaGV0YVVn  
 
[debug] [2019-07-04T19:35:43.415Z] <<< HTTP RESPONSE 200
[debug] [2019-07-04T19:35:43.430Z] >>> HTTP REQUEST GET https://cloudfunctions.googleapis.com/v1/operations/d3lsbGRvLWI1YzQ3L3VzLWNlbnRyYWwxL29uRGVsZXRlQ29tbWVudC9VX08yRzlmbHpBOA  
 
[debug] [2019-07-04T19:35:43.581Z] >>> HTTP REQUEST GET https://cloudfunctions.googleapis.com/v1/operations/d3lsbGRvLWI1YzQ3L3VzLWNlbnRyYWwxL29uQWRkQ29tbWVudC9nczIxWWMwTTBmMA  
 
[debug] [2019-07-04T19:35:43.583Z] <<< HTTP RESPONSE 200
[debug] [2019-07-04T19:35:43.594Z] >>> HTTP REQUEST GET https://cloudfunctions.googleapis.com/v1/operations/d3lsbGRvLWI1YzQ3L3VzLWNlbnRyYWwxL2NoZWNrRXhwaXJlZE1hcEV2ZW50cy9IT1duSmxVREFuQQ  
 
[debug] [2019-07-04T19:35:43.605Z] <<< HTTP RESPONSE 200
[debug] [2019-07-04T19:35:43.715Z] <<< HTTP RESPONSE 200
[debug] [2019-07-04T19:35:43.757Z] <<< HTTP RESPONSE 200
[debug] [2019-07-04T19:35:43.935Z] <<< HTTP RESPONSE 200
[info] ✔  functions[checkExpiredMapEvents(us-central1)]: Successful update operation. 
[debug] [2019-07-04T19:35:45.255Z] >>> HTTP REQUEST GET https://cloudfunctions.googleapis.com/v1/operations/d3lsbGRvLWI1YzQ3L3VzLWNlbnRyYWwxL29uUmVwb3J0L0poYjl2LWMxRU1j  
 
[debug] [2019-07-04T19:35:45.259Z] >>> HTTP REQUEST GET https://cloudfunctions.googleapis.com/v1/operations/d3lsbGRvLWI1YzQ3L3VzLWNlbnRyYWwxL29uSm9pbkxpa2VFdmVudC8xZm5aZm1BSVVxTQ  
 
[debug] [2019-07-04T19:35:45.400Z] <<< HTTP RESPONSE 200
[debug] [2019-07-04T19:35:45.418Z] >>> HTTP REQUEST GET https://cloudfunctions.googleapis.com/v1/operations/d3lsbGRvLWI1YzQ3L3VzLWNlbnRyYWwxL29uRXZlbnRDcmVhdGVkL0FmaWpmR0lSR3dR  
 
[debug] [2019-07-04T19:35:45.578Z] <<< HTTP RESPONSE 200
[debug] [2019-07-04T19:35:45.584Z] >>> HTTP REQUEST GET https://cloudfunctions.googleapis.com/v1/operations/d3lsbGRvLWI1YzQ3L3VzLWNlbnRyYWwxL29uSW50ZXJhY3RpdmVCdG5QcmVzc2VkTWFwRXZlbnRVcGRhdGUvNGFBN2VERElKM28  
 
[debug] [2019-07-04T19:35:45.608Z] >>> HTTP REQUEST GET https://cloudfunctions.googleapis.com/v1/operations/d3lsbGRvLWI1YzQ3L3VzLWNlbnRyYWwxL29uRGVsZXRlQ29tbWVudC9VX08yRzlmbHpBOA  
 
[debug] [2019-07-04T19:35:45.719Z] >>> HTTP REQUEST GET https://cloudfunctions.googleapis.com/v1/operations/d3lsbGRvLWI1YzQ3L3VzLWNlbnRyYWwxL29uRXZlbnREZWxldGVkL2FidldDaGV0YVVn  
 
[debug] [2019-07-04T19:35:45.728Z] <<< HTTP RESPONSE 200
[debug] [2019-07-04T19:35:45.733Z] <<< HTTP RESPONSE 200
[debug] [2019-07-04T19:35:45.757Z] <<< HTTP RESPONSE 200
[debug] [2019-07-04T19:35:45.757Z] >>> HTTP REQUEST GET https://cloudfunctions.googleapis.com/v1/operations/d3lsbGRvLWI1YzQ3L3VzLWNlbnRyYWwxL29uQWRkQ29tbWVudC9nczIxWWMwTTBmMA  
 
[debug] [2019-07-04T19:35:45.912Z] <<< HTTP RESPONSE 200
[debug] [2019-07-04T19:35:46.041Z] <<< HTTP RESPONSE 200
[debug] [2019-07-04T19:35:47.401Z] >>> HTTP REQUEST GET https://cloudfunctions.googleapis.com/v1/operations/d3lsbGRvLWI1YzQ3L3VzLWNlbnRyYWwxL29uUmVwb3J0L0poYjl2LWMxRU1j  
 
[debug] [2019-07-04T19:35:47.574Z] <<< HTTP RESPONSE 200
[debug] [2019-07-04T19:35:47.578Z] >>> HTTP REQUEST GET https://cloudfunctions.googleapis.com/v1/operations/d3lsbGRvLWI1YzQ3L3VzLWNlbnRyYWwxL29uSm9pbkxpa2VFdmVudC8xZm5aZm1BSVVxTQ  
 
[debug] [2019-07-04T19:35:47.732Z] >>> HTTP REQUEST GET https://cloudfunctions.googleapis.com/v1/operations/d3lsbGRvLWI1YzQ3L3VzLWNlbnRyYWwxL29uSW50ZXJhY3RpdmVCdG5QcmVzc2VkTWFwRXZlbnRVcGRhdGUvNGFBN2VERElKM28  
 
[debug] [2019-07-04T19:35:47.734Z] >>> HTTP REQUEST GET https://cloudfunctions.googleapis.com/v1/operations/d3lsbGRvLWI1YzQ3L3VzLWNlbnRyYWwxL29uRXZlbnRDcmVhdGVkL0FmaWpmR0lSR3dR  
 
[debug] [2019-07-04T19:35:47.758Z] >>> HTTP REQUEST GET https://cloudfunctions.googleapis.com/v1/operations/d3lsbGRvLWI1YzQ3L3VzLWNlbnRyYWwxL29uRGVsZXRlQ29tbWVudC9VX08yRzlmbHpBOA  
 
[debug] [2019-07-04T19:35:47.889Z] <<< HTTP RESPONSE 200
[debug] [2019-07-04T19:35:47.896Z] <<< HTTP RESPONSE 200
[debug] [2019-07-04T19:35:47.912Z] <<< HTTP RESPONSE 200
[debug] [2019-07-04T19:35:47.913Z] >>> HTTP REQUEST GET https://cloudfunctions.googleapis.com/v1/operations/d3lsbGRvLWI1YzQ3L3VzLWNlbnRyYWwxL29uQWRkQ29tbWVudC9nczIxWWMwTTBmMA  
 
[debug] [2019-07-04T19:35:47.968Z] <<< HTTP RESPONSE 200
[info] ✔  functions[onDeleteComment(us-central1)]: Successful update operation. 
[debug] [2019-07-04T19:35:48.045Z] >>> HTTP REQUEST GET https://cloudfunctions.googleapis.com/v1/operations/d3lsbGRvLWI1YzQ3L3VzLWNlbnRyYWwxL29uRXZlbnREZWxldGVkL2FidldDaGV0YVVn  
 
[debug] [2019-07-04T19:35:48.066Z] <<< HTTP RESPONSE 200
[debug] [2019-07-04T19:35:48.433Z] <<< HTTP RESPONSE 200
[debug] [2019-07-04T19:35:49.578Z] >>> HTTP REQUEST GET https://cloudfunctions.googleapis.com/v1/operations/d3lsbGRvLWI1YzQ3L3VzLWNlbnRyYWwxL29uUmVwb3J0L0poYjl2LWMxRU1j  
 
[debug] [2019-07-04T19:35:49.891Z] >>> HTTP REQUEST GET https://cloudfunctions.googleapis.com/v1/operations/d3lsbGRvLWI1YzQ3L3VzLWNlbnRyYWwxL29uSW50ZXJhY3RpdmVCdG5QcmVzc2VkTWFwRXZlbnRVcGRhdGUvNGFBN2VERElKM28  
 
[debug] [2019-07-04T19:35:49.897Z] >>> HTTP REQUEST GET https://cloudfunctions.googleapis.com/v1/operations/d3lsbGRvLWI1YzQ3L3VzLWNlbnRyYWwxL29uSm9pbkxpa2VFdmVudC8xZm5aZm1BSVVxTQ  
 
[debug] [2019-07-04T19:35:49.902Z] <<< HTTP RESPONSE 200
[debug] [2019-07-04T19:35:49.913Z] >>> HTTP REQUEST GET https://cloudfunctions.googleapis.com/v1/operations/d3lsbGRvLWI1YzQ3L3VzLWNlbnRyYWwxL29uRXZlbnRDcmVhdGVkL0FmaWpmR0lSR3dR  
 
[debug] [2019-07-04T19:35:50.048Z] <<< HTTP RESPONSE 200
[debug] [2019-07-04T19:35:50.051Z] <<< HTTP RESPONSE 200
[debug] [2019-07-04T19:35:50.068Z] >>> HTTP REQUEST GET https://cloudfunctions.googleapis.com/v1/operations/d3lsbGRvLWI1YzQ3L3VzLWNlbnRyYWwxL29uQWRkQ29tbWVudC9nczIxWWMwTTBmMA  
 
[debug] [2019-07-04T19:35:50.233Z] <<< HTTP RESPONSE 200
[debug] [2019-07-04T19:35:50.236Z] <<< HTTP RESPONSE 200
[info] ✔  functions[onAddComment(us-central1)]: Successful update operation. 
[debug] [2019-07-04T19:35:50.437Z] >>> HTTP REQUEST GET https://cloudfunctions.googleapis.com/v1/operations/d3lsbGRvLWI1YzQ3L3VzLWNlbnRyYWwxL29uRXZlbnREZWxldGVkL2FidldDaGV0YVVn  
 
[debug] [2019-07-04T19:35:50.758Z] <<< HTTP RESPONSE 200
[debug] [2019-07-04T19:35:51.905Z] >>> HTTP REQUEST GET https://cloudfunctions.googleapis.com/v1/operations/d3lsbGRvLWI1YzQ3L3VzLWNlbnRyYWwxL29uUmVwb3J0L0poYjl2LWMxRU1j  
 
[debug] [2019-07-04T19:35:52.050Z] >>> HTTP REQUEST GET https://cloudfunctions.googleapis.com/v1/operations/d3lsbGRvLWI1YzQ3L3VzLWNlbnRyYWwxL29uSW50ZXJhY3RpdmVCdG5QcmVzc2VkTWFwRXZlbnRVcGRhdGUvNGFBN2VERElKM28  
 
[debug] [2019-07-04T19:35:52.052Z] >>> HTTP REQUEST GET https://cloudfunctions.googleapis.com/v1/operations/d3lsbGRvLWI1YzQ3L3VzLWNlbnRyYWwxL29uSm9pbkxpa2VFdmVudC8xZm5aZm1BSVVxTQ  
 
[debug] [2019-07-04T19:35:52.076Z] <<< HTTP RESPONSE 200
[info] ✔  functions[onReport(us-central1)]: Successful update operation. 
[debug] [2019-07-04T19:35:52.210Z] <<< HTTP RESPONSE 200
[info] ✔  functions[onJoinLikeEvent(us-central1)]: Successful update operation. 
[debug] [2019-07-04T19:35:52.234Z] >>> HTTP REQUEST GET https://cloudfunctions.googleapis.com/v1/operations/d3lsbGRvLWI1YzQ3L3VzLWNlbnRyYWwxL29uRXZlbnRDcmVhdGVkL0FmaWpmR0lSR3dR  
 
[debug] [2019-07-04T19:35:52.378Z] <<< HTTP RESPONSE 200
[debug] [2019-07-04T19:35:52.552Z] <<< HTTP RESPONSE 200
[debug] [2019-07-04T19:35:52.762Z] >>> HTTP REQUEST GET https://cloudfunctions.googleapis.com/v1/operations/d3lsbGRvLWI1YzQ3L3VzLWNlbnRyYWwxL29uRXZlbnREZWxldGVkL2FidldDaGV0YVVn  
 
[debug] [2019-07-04T19:35:52.919Z] <<< HTTP RESPONSE 200
[info] ✔  functions[onEventDeleted(us-central1)]: Successful update operation. 
[debug] [2019-07-04T19:35:54.383Z] >>> HTTP REQUEST GET https://cloudfunctions.googleapis.com/v1/operations/d3lsbGRvLWI1YzQ3L3VzLWNlbnRyYWwxL29uSW50ZXJhY3RpdmVCdG5QcmVzc2VkTWFwRXZlbnRVcGRhdGUvNGFBN2VERElKM28  
 
[debug] [2019-07-04T19:35:54.556Z] >>> HTTP REQUEST GET https://cloudfunctions.googleapis.com/v1/operations/d3lsbGRvLWI1YzQ3L3VzLWNlbnRyYWwxL29uRXZlbnRDcmVhdGVkL0FmaWpmR0lSR3dR  
 
[debug] [2019-07-04T19:35:54.568Z] <<< HTTP RESPONSE 200
[info] ✔  functions[onInteractiveBtnPressedMapEventUpdate(us-central1)]: Successful update operation. 
[debug] [2019-07-04T19:35:54.987Z] <<< HTTP RESPONSE 200
[debug] [2019-07-04T19:35:56.991Z] >>> HTTP REQUEST GET https://cloudfunctions.googleapis.com/v1/operations/d3lsbGRvLWI1YzQ3L3VzLWNlbnRyYWwxL29uRXZlbnRDcmVhdGVkL0FmaWpmR0lSR3dR  
 
[debug] [2019-07-04T19:35:57.310Z] <<< HTTP RESPONSE 200
